make all --print-data-base --no-builtin-variables --no-builtin-rules --question
# GNU Make 3.81
# Copyright (C) 2006  Free Software Foundation, Inc.
# This is free software; see the source for copying conditions.
# There is NO warranty; not even for MERCHANTABILITY or FITNESS FOR A
# PARTICULAR PURPOSE.

# This program built for i386-apple-darwin11.3.0
 
Makefile:148: *** missing separator.  Stop.


# Make data base, printed on Sun Apr 17 21:10:11 2022

# Variables

# automatic
<D = $(patsubst %/,%,$(dir $<))
# automatic
?F = $(notdir $?)
# makefile (from `Makefile', line 139)
LDSCRIPT = STM32F103C8Tx_FLASH.ld
# environment
VSCODE_LOG_NATIVE = false
# makefile (from `Makefile', line 16)
TARGET = Motor
# automatic
?D = $(patsubst %/,%,$(dir $?))
# makefile (from `Makefile', line 101)
AS_DEFS = 
# makefile (from `Makefile', line 110)
AS_INCLUDES = 
# automatic
@D = $(patsubst %/,%,$(dir $@))
# automatic
@F = $(notdir $@)
# makefile
CURDIR := /Users/dmitriykosolobov/Desktop/Motor
# makefile
SHELL = /bin/sh
# makefile (from `Makefile', line 82)
BIN = $(CP) -O binary -S
# environment
VSCODE_NLS_CONFIG = {"locale":"ru","availableLanguages":{"*":"ru"},"_languagePackId":"2b7693ea843d12cbb2e09a3b62281ac8.ru","_translationsConfigFile":"/Users/dmitriykosolobov/Library/Application Support/Code/clp/2b7693ea843d12cbb2e09a3b62281ac8.ru/tcf.json","_cacheRoot":"/Users/dmitriykosolobov/Library/Application Support/Code/clp/2b7693ea843d12cbb2e09a3b62281ac8.ru","_resolvedLanguagePackCoreLocation":"/Users/dmitriykosolobov/Library/Application Support/Code/clp/2b7693ea843d12cbb2e09a3b62281ac8.ru/dfd34e8260c270da74b5c2d86d61aee4b6d56977","_corruptedFile":"/Users/dmitriykosolobov/Library/Application Support/Code/clp/2b7693ea843d12cbb2e09a3b62281ac8.ru/corrupted.info","_languagePackSupport":true}
# makefile (from `Makefile', line 79)
SZ = $(PREFIX)size
# environment
_ = /usr/bin/make
# makefile (from `Makefile', line 132)
CFLAGS = $(MCU) $(C_DEFS) $(C_INCLUDES) $(OPT) -Wall -fdata-sections -ffunction-sections -g -gdwarf-2 -MMD -MP -MF"$(@:%.o=%.d)"
# makefile (from `Makefile', line 1)
MAKEFILE_LIST :=  Makefile
# makefile (from `Makefile', line 78)
CP = $(PREFIX)objcopy
# makefile (from `Makefile', line 23)
DEBUG = 1
# environment
VSCODE_VERBOSE_LOGGING = true
# makefile (from `Makefile', line 77)
AS = $(PREFIX)gcc -x assembler-with-cpp
# environment
__CFBundleIdentifier = com.microsoft.VSCode
# environment
INFOPATH = /opt/homebrew/share/info:
# environment
VSCODE_IPC_HOOK_EXTHOST = /var/folders/b3/vfkn0vpn4xq8_t6wy8myypgc0000gn/T/vscode-ipc-35936a8d-e910-4b28-8ab7-06adf59e49af.sock
# environment
VSCODE_CWD = /
# environment
PATH = /opt/homebrew/bin:/opt/homebrew/sbin:/Library/Frameworks/Python.framework/Versions/3.9/bin:/usr/local/bin:/usr/bin:/bin:/usr/sbin:/sbin:/Applications/VMware Fusion.app/Contents/Public:/usr/local/share/dotnet:~/.dotnet/tools:/Library/Apple/usr/bin:/Library/Frameworks/Mono.framework/Versions/Current/Commands
# environment
VSCODE_LOG_STACK = false
# environment
ELECTRON_RUN_AS_NODE = 1
# makefile (from `Makefile', line 144)
LDFLAGS = $(MCU) -specs=nano.specs -T$(LDSCRIPT) $(LIBDIR) $(LIBS) -Wl,-Map=$(BUILD_DIR)/$(TARGET).map,--cref -Wl,--gc-sections
# default
.FEATURES := target-specific order-only second-expansion else-if archives jobserver check-symlink
# environment
SSH_AUTH_SOCK = /private/tmp/com.apple.launchd.uFFbt2CkhX/Listeners
# automatic
%F = $(notdir $%)
# makefile (from `Makefile', line 60)
ASM_SOURCES = startup_stm32f103xb.s
# makefile (from `Makefile', line 25)
OPT = -Og
# environment
VSCODE_PIPE_LOGGING = true
# environment
PWD = /Users/dmitriykosolobov/Desktop/Motor
# environment
HOMEBREW_CELLAR = /opt/homebrew/Cellar
# environment
ORIGINAL_XDG_CURRENT_DESKTOP = undefined
# environment
MANPATH = /opt/homebrew/share/man::
# environment
VSCODE_AMD_ENTRYPOINT = vs/workbench/api/node/extensionHostProcess
# environment
HOME = /Users/dmitriykosolobov
# default
MAKEFILEPATH = $(shell /usr/bin/xcode-select -print-path 2>/dev/null || echo /Developer)/Makefiles
# environment
VSCODE_CODE_CACHE_PATH = /Users/dmitriykosolobov/Library/Application Support/Code/CachedData/dfd34e8260c270da74b5c2d86d61aee4b6d56977
# environment
LOGNAME = dmitriykosolobov
# environment
APPLICATION_INSIGHTS_NO_DIAGNOSTIC_CHANNEL = 1
# makefile (from `Makefile', line 67)
PREFIX = arm-none-eabi-
# environment
VSCODE_HANDLES_UNCAUGHT_ERRORS = true
# automatic
^D = $(patsubst %/,%,$(dir $^))
# makefile (from `Makefile', line 104)
C_DEFS = -DUSE_HAL_DRIVER -DSTM32F103xB
# environment
XPC_FLAGS = 0x0
# default
MAKE = $(MAKE_COMMAND)
# default
MAKECMDGOALS := all
# environment
SHLVL = 1
# makefile (from `Makefile', line 81)
HEX = $(CP) -O ihex
# makefile (from `Makefile', line 76)
CC = $(PREFIX)gcc
# makefile (from `Makefile', line 32)
BUILD_DIR = build
# makefile (from `Makefile', line 122)
ASFLAGS = $(MCU) $(AS_DEFS) $(AS_INCLUDES) $(OPT) -Wall -fdata-sections -ffunction-sections
# default
MAKE_VERSION := 3.81
# environment
USER = dmitriykosolobov
# makefile
.DEFAULT_GOAL := prog
# automatic
%D = $(patsubst %/,%,$(dir $%))
# makefile (from `Makefile', line 88)
CPU = -mcpu=cortex-m3
# default
MAKE_COMMAND := /Library/Developer/CommandLineTools/usr/bin/make
# makefile (from `Makefile', line 143)
LIBDIR = 
# default
.VARIABLES := 
# environment
TMPDIR = /var/folders/b3/vfkn0vpn4xq8_t6wy8myypgc0000gn/T/
# automatic
*F = $(notdir $*)
# environment
VSCODE_IPC_HOOK = /Users/dmitriykosolobov/Library/Application Support/Code/1.66.2-main.sock
# makefile
MAKEFLAGS = Rrqp
# environment
MFLAGS = -Rrqp
# automatic
*D = $(patsubst %/,%,$(dir $*))
# environment
XPC_SERVICE_NAME = application.com.microsoft.VSCode.10182980.10182986
# environment
HOMEBREW_PREFIX = /opt/homebrew
# automatic
+D = $(patsubst %/,%,$(dir $+))
# automatic
+F = $(notdir $+)
# environment
HOMEBREW_REPOSITORY = /opt/homebrew
# makefile (from `Makefile', line 97)
MCU = $(CPU) -mthumb $(FPU) $(FLOAT-ABI)
# makefile (from `Makefile', line 113)
C_INCLUDES = -ICore/Inc -IDrivers/STM32F1xx_HAL_Driver/Inc -IDrivers/STM32F1xx_HAL_Driver/Inc/Legacy -IDrivers/CMSIS/Device/ST/STM32F1xx/Include -IDrivers/CMSIS/Include
# environment
__CF_USER_TEXT_ENCODING = 0x1F5:0x7:0x31
# environment
COMMAND_MODE = unix2003
# default
MAKEFILES := 
# automatic
<F = $(notdir $<)
# environment
LC_ALL = C
# makefile (from `Makefile', line 142)
LIBS = -lc -lm -lnosys 
# automatic
^F = $(notdir $^)
# makefile (from `Makefile', line 38)
C_SOURCES = Core/Src/main.c Core/Src/stm32f1xx_it.c Core/Src/stm32f1xx_hal_msp.c Drivers/STM32F1xx_HAL_Driver/Src/stm32f1xx_hal_gpio_ex.c Drivers/STM32F1xx_HAL_Driver/Src/stm32f1xx_hal_adc.c Drivers/STM32F1xx_HAL_Driver/Src/stm32f1xx_hal_adc_ex.c Drivers/STM32F1xx_HAL_Driver/Src/stm32f1xx_hal.c Drivers/STM32F1xx_HAL_Driver/Src/stm32f1xx_hal_rcc.c Drivers/STM32F1xx_HAL_Driver/Src/stm32f1xx_hal_rcc_ex.c Drivers/STM32F1xx_HAL_Driver/Src/stm32f1xx_hal_gpio.c Drivers/STM32F1xx_HAL_Driver/Src/stm32f1xx_hal_dma.c Drivers/STM32F1xx_HAL_Driver/Src/stm32f1xx_hal_cortex.c Drivers/STM32F1xx_HAL_Driver/Src/stm32f1xx_hal_pwr.c Drivers/STM32F1xx_HAL_Driver/Src/stm32f1xx_hal_flash.c Drivers/STM32F1xx_HAL_Driver/Src/stm32f1xx_hal_flash_ex.c Drivers/STM32F1xx_HAL_Driver/Src/stm32f1xx_hal_exti.c Drivers/STM32F1xx_HAL_Driver/Src/stm32f1xx_hal_tim.c Drivers/STM32F1xx_HAL_Driver/Src/stm32f1xx_hal_tim_ex.c Core/Src/system_stm32f1xx.c
# default
SUFFIXES := 
# environment
MAKELEVEL := 0
# environment
LANG = C
# environment
VSCODE_PID = 93091
# variable set hash-table stats:
# Load=91/1024=9%, Rehash=0, Collisions=4/115=3%

# Pattern-specific Variable Values

# No pattern-specific variable values.

# Directories

# . (device 16777231, inode 10207128): 14 files, no impossibilities.

# 14 files, no impossibilities in 1 directories.

# Implicit Rules

# No implicit rules.

# Files

# Not a target:
all:
#  Command-line target.
#  Implicit rule search has not been done.
#  Modification time never checked.
#  File has not been updated.

# Not a target:
.SUFFIXES:
#  Implicit rule search has not been done.
#  Modification time never checked.
#  File has not been updated.

# Not a target:
Makefile:
#  Implicit rule search has not been done.
#  Modification time never checked.
#  File has not been updated.

prog: build/Motor.elf
#  Implicit rule search has not been done.
#  Modification time never checked.
#  File has not been updated.

# Not a target:
.DEFAULT:
#  Implicit rule search has not been done.
#  Modification time never checked.
#  File has not been updated.

# files hash-table stats:
 
# Load=5/1024=0%, Rehash=0, Collisions=0/6=0%
# VPATH Search Paths

# No `vpath' search paths.

# No general (`VPATH' variable) search path.

# # of strings in strcache: 1
# # of strcache buffers: 1
# strcache size: total = 4096 / max = 4096 / min = 4096 / avg = 4096
# strcache free: total = 4087 / max = 4087 / min = 4087 / avg = 4087

# Finished Make data base on Sun Apr 17 21:10:11 2022

 
